<?xml version="1.0" encoding="UTF-8"?>
<!-- Generated by org.testng.reporters.JUnitReportReporter -->
<testsuite skipped="0" hostname="Alis-MBP" name="test.FirstLandingPageTest" tests="2" failures="0" timestamp="16 Jun 2020 07:12:30 GMT" time="24.664" errors="0">
  <testcase name="validateFirstLandingPageTitle" time="12.297" classname="test.FirstLandingPageTest"/>
  <testcase name="FirstLandingPageloginTest" time="12.367" classname="test.FirstLandingPageTest"/>
</testsuite> <!-- test.FirstLandingPageTest -->
