<?xml version="1.0" encoding="UTF-8"?>
<!-- Generated by org.testng.reporters.JUnitReportReporter -->
<testsuite skipped="0" hostname="Alis-MBP" name="test.LogInPageTest" tests="1" failures="0" timestamp="16 Nov 2020 00:25:02 GMT" time="6.853" errors="0">
  <testcase name="SignInTest" time="6.853" classname="test.LogInPageTest"/>
</testsuite> <!-- test.LogInPageTest -->
